<?xml version="1.0" encoding="UTF-8"?>
<!-- Generated by org.testng.reporters.JUnitReportReporter -->
<testsuite hostname="DESKTOP-PJ44N8I" failures="0" tests="12" name="tests.LoginPageTest" time="63.799" errors="0" timestamp="2022-05-19T15:56:27 EET" skipped="0">
  <testcase classname="tests.LoginPageTest" name="loginWithWrongCredintial" time="4.280"/>
  <system-out/>
  <testcase classname="tests.LoginPageTest" name="loginWithWrongCredintial" time="4.147"/>
  <system-out/>
  <testcase classname="tests.LoginPageTest" name="loginKeyEnter" time="3.921"/>
  <system-out/>
  <testcase classname="tests.LoginPageTest" name="loginWithWrongCredintial" time="3.643"/>
  <system-out/>
  <testcase classname="tests.LoginPageTest" name="loginWithWrongCredintial" time="3.676"/>
  <system-out/>
  <testcase classname="tests.LoginPageTest" name="loginWithWrongCredintial" time="3.316"/>
  <system-out/>
  <testcase classname="tests.LoginPageTest" name="loginWithWrongCredintial" time="3.852"/>
  <system-out/>
  <testcase classname="tests.LoginPageTest" name="loginWithWrongCredintial" time="3.745"/>
  <system-out/>
  <testcase classname="tests.LoginPageTest" name="RefreshPageAfterEnteringData" time="20.589"/>
  <system-out/>
  <testcase classname="tests.LoginPageTest" name="loginWithWrongCredintial" time="3.641"/>
  <system-out/>
  <testcase classname="tests.LoginPageTest" name="validLogin" time="5.075"/>
  <system-out/>
  <testcase classname="tests.LoginPageTest" name="loginWithWrongCredintial" time="3.914"/>
  <system-out/>
</testsuite> <!-- tests.LoginPageTest -->
