<?xml version="1.0" encoding="UTF-8"?>
<!-- Generated by org.testng.reporters.JUnitReportReporter -->
<testsuite hostname="DESKTOP-PJ44N8I" failures="0" tests="17" name="tests.LoginPageTest" time="91.287" errors="0" timestamp="2022-05-21T13:41:48 EET" skipped="0">
  <testcase classname="tests.LoginPageTest" name="loginWithWrongCredintial" time="3.695"/>
  <system-out/>
  <testcase classname="tests.LoginPageTest" name="loginWithWrongCredintial" time="3.857"/>
  <system-out/>
  <testcase classname="tests.LoginPageTest" name="loginWithWrongCredintial" time="3.819"/>
  <system-out/>
  <testcase classname="tests.LoginPageTest" name="loginWithWrongCredintial" time="3.820"/>
  <system-out/>
  <testcase classname="tests.LoginPageTest" name="RefreshPageAfterEnteringData" time="4.184"/>
  <system-out/>
  <testcase classname="tests.LoginPageTest" name="checkPasswordNotCopied" time="28.803"/>
  <system-out/>
  <testcase classname="tests.LoginPageTest" name="loginKeyEnter" time="3.970"/>
  <system-out/>
  <testcase classname="tests.LoginPageTest" name="loginWithWrongCredintial" time="4.249"/>
  <system-out/>
  <testcase classname="tests.LoginPageTest" name="loginWithWrongCredintial" time="3.676"/>
  <system-out/>
  <testcase classname="tests.LoginPageTest" name="loginWithWrongCredintial" time="3.286"/>
  <system-out/>
  <testcase classname="tests.LoginPageTest" name="loginWithWrongCredintial" time="3.893"/>
  <system-out/>
  <testcase classname="tests.LoginPageTest" name="isPasswordMasked" time="3.908"/>
  <system-out/>
  <testcase classname="tests.LoginPageTest" name="validLogin" time="4.261"/>
  <system-out/>
  <testcase classname="tests.LoginPageTest" name="loginWithWrongCredintial" time="4.641"/>
  <system-out/>
  <testcase classname="tests.LoginPageTest" name="loginWithWrongCredintial" time="3.687"/>
  <system-out/>
  <testcase classname="tests.LoginPageTest" name="loginWithWrongCredintial" time="3.854"/>
  <system-out/>
  <testcase classname="tests.LoginPageTest" name="loginWithWrongCredintial" time="3.684"/>
  <system-out/>
</testsuite> <!-- tests.LoginPageTest -->
